<?xml version="1.0" encoding="UTF-8"?>
<testsuite name="com.userRegistrationSystem.UserRegistrationTest" tests="11" skipped="0" failures="0" errors="0" timestamp="2021-05-11T11:23:20" hostname="LAPTOP-JK99497U" time="0.139">
  <properties/>
  <testcase name="givenFirstName_WhenProper_ShouldReturnTrue()" classname="com.userRegistrationSystem.UserRegistrationTest" time="0.047"/>
  <testcase name="validatePassword_WhenDoNotContainAtLeast1Digit_ShouldReturnFalse()" classname="com.userRegistrationSystem.UserRegistrationTest" time="0.003"/>
  <testcase name="validatePassword_WhenValid_ShouldReturnTrue()" classname="com.userRegistrationSystem.UserRegistrationTest" time="0.001"/>
  <testcase name="validateMobileNo_WhenValid_ShouldReturnTrue()" classname="com.userRegistrationSystem.UserRegistrationTest" time="0.001"/>
  <testcase name="validateEmailAddress_WhenValidDomainName2_ShouldReturnTrue()" classname="com.userRegistrationSystem.UserRegistrationTest" time="0.005"/>
  <testcase name="validateEmailAddress_WhenWithoutDomain_ShouldReturnFalse()" classname="com.userRegistrationSystem.UserRegistrationTest" time="0.002"/>
  <testcase name="givenLastName_WhenProper_ShouldReturnTrue()" classname="com.userRegistrationSystem.UserRegistrationTest" time="0.035"/>
  <testcase name="validateMobileNo_WhenShort_ShouldReturnFalse()" classname="com.userRegistrationSystem.UserRegistrationTest" time="0.005"/>
  <testcase name="givenFirstName_WhenWithSpChars_ShouldReturnFalse()" classname="com.userRegistrationSystem.UserRegistrationTest" time="0.005"/>
  <testcase name="givenLaststName_WhenWithSpChars_ShouldReturnFalse()" classname="com.userRegistrationSystem.UserRegistrationTest" time="0.002"/>
  <testcase name="validatePassword_WhenDoNotContainAtLeast1Upper_ShouldReturnFalse()" classname="com.userRegistrationSystem.UserRegistrationTest" time="0.003"/>
  <system-out><![CDATA['Pawar' validation successful ! 
]]></system-out>
  <system-err><![CDATA[]]></system-err>
</testsuite>
